{"__type":"$$EventMessageAudit","id":"61663f86-e473-4e1c-a05c-f63cbed59230","ts":"2025-03-11T16:39:03.688+00:00","eventName":"n8n.audit.workflow.created","message":"n8n.audit.workflow.created","payload":{"userId":"2da29829-374e-431d-9a24-9d4a54293d56","_email":"owner@test.com","_firstName":"owner","_lastName":"test","globalRole":"global:owner","workflowId":"HAstItE8n78nWGef","workflowName":"My workflow"}}
{"__type":"$$EventMessageConfirm","confirm":"61663f86-e473-4e1c-a05c-f63cbed59230","ts":"2025-03-11T16:39:03.700+00:00","source":{"id":"0","name":"eventBus"}}
{"__type":"$$EventMessageWorkflow","id":"6b7f9312-a2cc-4ec7-8f00-7557ed5a06b7","ts":"2025-03-11T17:39:09.384+01:00","eventName":"n8n.workflow.started","message":"n8n.workflow.started","payload":{"executionId":"1","workflowId":"HAstItE8n78nWGef","isManual":false,"workflowName":"My workflow"}}
{"__type":"$$EventMessageConfirm","confirm":"6b7f9312-a2cc-4ec7-8f00-7557ed5a06b7","ts":"2025-03-11T17:39:09.385+01:00","source":{"id":"0","name":"eventBus"}}
{"__type":"$$EventMessageNode","id":"f3a6e07d-560f-4d5d-8590-74581cbf30ea","ts":"2025-03-11T17:39:09.386+01:00","eventName":"n8n.node.started","message":"n8n.node.started","payload":{"workflowId":"HAstItE8n78nWGef","workflowName":"My workflow","executionId":"1","nodeType":"n8n-nodes-base.webhook","nodeName":"Webhook"}}
{"__type":"$$EventMessageConfirm","confirm":"f3a6e07d-560f-4d5d-8590-74581cbf30ea","ts":"2025-03-11T17:39:09.386+01:00","source":{"id":"0","name":"eventBus"}}
{"__type":"$$EventMessageNode","id":"49534181-3cde-4186-8427-a7714956db4a","ts":"2025-03-11T17:39:09.387+01:00","eventName":"n8n.node.finished","message":"n8n.node.finished","payload":{"workflowId":"HAstItE8n78nWGef","workflowName":"My workflow","executionId":"1","nodeType":"n8n-nodes-base.webhook","nodeName":"Webhook"}}
{"__type":"$$EventMessageConfirm","confirm":"49534181-3cde-4186-8427-a7714956db4a","ts":"2025-03-11T17:39:09.387+01:00","source":{"id":"0","name":"eventBus"}}
{"__type":"$$EventMessageWorkflow","id":"906b673f-2a99-4a1a-9302-3b30d406246c","ts":"2025-03-11T17:39:09.389+01:00","eventName":"n8n.workflow.success","message":"n8n.workflow.success","payload":{"executionId":"1","success":true,"isManual":true,"workflowId":"HAstItE8n78nWGef","workflowName":"My workflow"}}
{"__type":"$$EventMessageConfirm","confirm":"906b673f-2a99-4a1a-9302-3b30d406246c","ts":"2025-03-11T17:39:09.389+01:00","source":{"id":"0","name":"eventBus"}}
{"__type":"$$EventMessageAudit","id":"d23e8426-a7c9-46d5-b56b-0de04a76693c","ts":"2025-03-11T17:42:52.320+01:00","eventName":"n8n.audit.user.credentials.created","message":"n8n.audit.user.credentials.created","payload":{"userId":"2da29829-374e-431d-9a24-9d4a54293d56","_email":"owner@test.com","_firstName":"owner","_lastName":"test","globalRole":"global:owner","credentialType":"smtp","credentialId":"U0mrnjDYJdMBQmvM","publicApi":false,"projectId":"XmAH7AGHM4l5k2nS","projectType":"personal"}}
{"__type":"$$EventMessageConfirm","confirm":"d23e8426-a7c9-46d5-b56b-0de04a76693c","ts":"2025-03-11T17:42:52.320+01:00","source":{"id":"0","name":"eventBus"}}
{"__type":"$$EventMessageAudit","id":"fcf8b9f2-5879-4ac1-8d4f-599ab92022d4","ts":"2025-03-11T17:47:52.772+01:00","eventName":"n8n.audit.user.credentials.created","message":"n8n.audit.user.credentials.created","payload":{"userId":"2da29829-374e-431d-9a24-9d4a54293d56","_email":"owner@test.com","_firstName":"owner","_lastName":"test","globalRole":"global:owner","credentialType":"smtp","credentialId":"ei1KgY16Veukrog0","publicApi":false,"projectId":"XmAH7AGHM4l5k2nS","projectType":"personal"}}
{"__type":"$$EventMessageConfirm","confirm":"fcf8b9f2-5879-4ac1-8d4f-599ab92022d4","ts":"2025-03-11T17:47:52.772+01:00","source":{"id":"0","name":"eventBus"}}
{"__type":"$$EventMessageAudit","id":"134b10f0-9adc-4b6d-bb88-3ffffe9e36c7","ts":"2025-03-11T17:49:17.604+01:00","eventName":"n8n.audit.user.credentials.updated","message":"n8n.audit.user.credentials.updated","payload":{"userId":"2da29829-374e-431d-9a24-9d4a54293d56","_email":"owner@test.com","_firstName":"owner","_lastName":"test","globalRole":"global:owner","credentialType":"smtp","credentialId":"ei1KgY16Veukrog0"}}
{"__type":"$$EventMessageConfirm","confirm":"134b10f0-9adc-4b6d-bb88-3ffffe9e36c7","ts":"2025-03-11T17:49:17.604+01:00","source":{"id":"0","name":"eventBus"}}
{"__type":"$$EventMessageAudit","id":"c97e18a9-e1af-473d-a4ec-216c0559dfe6","ts":"2025-03-11T17:50:54.229+01:00","eventName":"n8n.audit.user.credentials.deleted","message":"n8n.audit.user.credentials.deleted","payload":{"userId":"2da29829-374e-431d-9a24-9d4a54293d56","_email":"owner@test.com","_firstName":"owner","_lastName":"test","globalRole":"global:owner","credentialType":"smtp","credentialId":"ei1KgY16Veukrog0"}}
{"__type":"$$EventMessageConfirm","confirm":"c97e18a9-e1af-473d-a4ec-216c0559dfe6","ts":"2025-03-11T17:50:54.229+01:00","source":{"id":"0","name":"eventBus"}}
{"__type":"$$EventMessageAudit","id":"67fc9724-792a-413f-b349-70a48d8c0527","ts":"2025-03-11T17:50:56.376+01:00","eventName":"n8n.audit.user.credentials.deleted","message":"n8n.audit.user.credentials.deleted","payload":{"userId":"2da29829-374e-431d-9a24-9d4a54293d56","_email":"owner@test.com","_firstName":"owner","_lastName":"test","globalRole":"global:owner","credentialType":"smtp","credentialId":"U0mrnjDYJdMBQmvM"}}
{"__type":"$$EventMessageConfirm","confirm":"67fc9724-792a-413f-b349-70a48d8c0527","ts":"2025-03-11T17:50:56.376+01:00","source":{"id":"0","name":"eventBus"}}
{"__type":"$$EventMessageAudit","id":"24cb71ce-b819-4708-aaff-af0dad46b5ee","ts":"2025-03-11T17:51:55.528+01:00","eventName":"n8n.audit.user.credentials.created","message":"n8n.audit.user.credentials.created","payload":{"userId":"2da29829-374e-431d-9a24-9d4a54293d56","_email":"owner@test.com","_firstName":"owner","_lastName":"test","globalRole":"global:owner","credentialType":"smtp","credentialId":"QheJAuRQFdJvSiFv","publicApi":false,"projectId":"XmAH7AGHM4l5k2nS","projectType":"personal"}}
{"__type":"$$EventMessageConfirm","confirm":"24cb71ce-b819-4708-aaff-af0dad46b5ee","ts":"2025-03-11T17:51:55.529+01:00","source":{"id":"0","name":"eventBus"}}
{"__type":"$$EventMessageAudit","id":"94200127-e200-41cc-904b-68800f172ff6","ts":"2025-03-11T17:52:51.750+01:00","eventName":"n8n.audit.user.credentials.updated","message":"n8n.audit.user.credentials.updated","payload":{"userId":"2da29829-374e-431d-9a24-9d4a54293d56","_email":"owner@test.com","_firstName":"owner","_lastName":"test","globalRole":"global:owner","credentialType":"smtp","credentialId":"QheJAuRQFdJvSiFv"}}
{"__type":"$$EventMessageConfirm","confirm":"94200127-e200-41cc-904b-68800f172ff6","ts":"2025-03-11T17:52:51.751+01:00","source":{"id":"0","name":"eventBus"}}
{"__type":"$$EventMessageWorkflow","id":"08b6e2cb-31cc-487d-adbc-a8ba47e251e6","ts":"2025-03-11T17:54:33.634+01:00","eventName":"n8n.workflow.started","message":"n8n.workflow.started","payload":{"executionId":"2","workflowId":"HAstItE8n78nWGef","isManual":false,"workflowName":"My workflow"}}
{"__type":"$$EventMessageConfirm","confirm":"08b6e2cb-31cc-487d-adbc-a8ba47e251e6","ts":"2025-03-11T17:54:33.635+01:00","source":{"id":"0","name":"eventBus"}}
{"__type":"$$EventMessageNode","id":"a030c361-0463-46bf-bf4d-36669f72f03b","ts":"2025-03-11T17:54:33.635+01:00","eventName":"n8n.node.started","message":"n8n.node.started","payload":{"workflowId":"HAstItE8n78nWGef","workflowName":"My workflow","executionId":"2","nodeType":"n8n-nodes-base.webhook","nodeName":"Webhook"}}
{"__type":"$$EventMessageConfirm","confirm":"a030c361-0463-46bf-bf4d-36669f72f03b","ts":"2025-03-11T17:54:33.636+01:00","source":{"id":"0","name":"eventBus"}}
{"__type":"$$EventMessageNode","id":"9574dc56-8693-4344-b174-29ef3a7186af","ts":"2025-03-11T17:54:33.636+01:00","eventName":"n8n.node.finished","message":"n8n.node.finished","payload":{"workflowId":"HAstItE8n78nWGef","workflowName":"My workflow","executionId":"2","nodeType":"n8n-nodes-base.webhook","nodeName":"Webhook"}}
{"__type":"$$EventMessageConfirm","confirm":"9574dc56-8693-4344-b174-29ef3a7186af","ts":"2025-03-11T17:54:33.636+01:00","source":{"id":"0","name":"eventBus"}}
{"__type":"$$EventMessageWorkflow","id":"8b51d6c2-2c94-4e60-88d9-4ecdd9b4fed5","ts":"2025-03-11T17:54:33.639+01:00","eventName":"n8n.workflow.success","message":"n8n.workflow.success","payload":{"executionId":"2","success":true,"isManual":true,"workflowId":"HAstItE8n78nWGef","workflowName":"My workflow"}}
{"__type":"$$EventMessageConfirm","confirm":"8b51d6c2-2c94-4e60-88d9-4ecdd9b4fed5","ts":"2025-03-11T17:54:33.639+01:00","source":{"id":"0","name":"eventBus"}}
{"__type":"$$EventMessageWorkflow","id":"cce1190c-f59f-497c-bd81-6af3d6ac8847","ts":"2025-03-11T17:55:25.072+01:00","eventName":"n8n.workflow.started","message":"n8n.workflow.started","payload":{"executionId":"3","workflowId":"HAstItE8n78nWGef","isManual":false,"workflowName":"My workflow"}}
{"__type":"$$EventMessageConfirm","confirm":"cce1190c-f59f-497c-bd81-6af3d6ac8847","ts":"2025-03-11T17:55:25.072+01:00","source":{"id":"0","name":"eventBus"}}
{"__type":"$$EventMessageNode","id":"48bff759-fb82-44dd-8c2c-2c1b516f7b29","ts":"2025-03-11T17:55:25.073+01:00","eventName":"n8n.node.started","message":"n8n.node.started","payload":{"workflowId":"HAstItE8n78nWGef","workflowName":"My workflow","executionId":"3","nodeType":"n8n-nodes-base.emailSend","nodeName":"Send Email"}}
{"__type":"$$EventMessageConfirm","confirm":"48bff759-fb82-44dd-8c2c-2c1b516f7b29","ts":"2025-03-11T17:55:25.074+01:00","source":{"id":"0","name":"eventBus"}}
{"__type":"$$EventMessageNode","id":"f772ef17-ea75-4237-b4ae-d72933936be6","ts":"2025-03-11T17:55:27.556+01:00","eventName":"n8n.node.finished","message":"n8n.node.finished","payload":{"workflowId":"HAstItE8n78nWGef","workflowName":"My workflow","executionId":"3","nodeType":"n8n-nodes-base.emailSend","nodeName":"Send Email"}}
{"__type":"$$EventMessageConfirm","confirm":"f772ef17-ea75-4237-b4ae-d72933936be6","ts":"2025-03-11T17:55:27.557+01:00","source":{"id":"0","name":"eventBus"}}
{"__type":"$$EventMessageWorkflow","id":"516b20ae-9bf6-4baa-8186-bbded36c702f","ts":"2025-03-11T17:56:18.066+01:00","eventName":"n8n.workflow.started","message":"n8n.workflow.started","payload":{"executionId":"4","workflowId":"HAstItE8n78nWGef","isManual":false,"workflowName":"My workflow"}}
{"__type":"$$EventMessageConfirm","confirm":"516b20ae-9bf6-4baa-8186-bbded36c702f","ts":"2025-03-11T17:56:18.066+01:00","source":{"id":"0","name":"eventBus"}}
{"__type":"$$EventMessageNode","id":"cb283f25-74bc-4aa1-a5bc-1539a5c69d05","ts":"2025-03-11T17:56:18.067+01:00","eventName":"n8n.node.started","message":"n8n.node.started","payload":{"workflowId":"HAstItE8n78nWGef","workflowName":"My workflow","executionId":"4","nodeType":"n8n-nodes-base.emailSend","nodeName":"Send Email"}}
{"__type":"$$EventMessageConfirm","confirm":"cb283f25-74bc-4aa1-a5bc-1539a5c69d05","ts":"2025-03-11T17:56:18.067+01:00","source":{"id":"0","name":"eventBus"}}
{"__type":"$$EventMessageNode","id":"357d33e5-12a4-447b-ab19-f11298614a74","ts":"2025-03-11T17:56:20.148+01:00","eventName":"n8n.node.finished","message":"n8n.node.finished","payload":{"workflowId":"HAstItE8n78nWGef","workflowName":"My workflow","executionId":"4","nodeType":"n8n-nodes-base.emailSend","nodeName":"Send Email"}}
{"__type":"$$EventMessageConfirm","confirm":"357d33e5-12a4-447b-ab19-f11298614a74","ts":"2025-03-11T17:56:20.148+01:00","source":{"id":"0","name":"eventBus"}}
{"__type":"$$EventMessageNode","id":"ff54ca1c-13fa-4f76-b090-86524cb7e4d6","ts":"2025-03-11T17:56:23.034+01:00","eventName":"n8n.node.started","message":"n8n.node.started","payload":{"workflowId":"HAstItE8n78nWGef","workflowName":"My workflow","executionId":"4","nodeType":"n8n-nodes-base.emailSend","nodeName":"Send Email"}}
{"__type":"$$EventMessageConfirm","confirm":"ff54ca1c-13fa-4f76-b090-86524cb7e4d6","ts":"2025-03-11T17:56:23.034+01:00","source":{"id":"0","name":"eventBus"}}
{"__type":"$$EventMessageNode","id":"84454cd2-ef00-44aa-9f3a-f0f4188cecbe","ts":"2025-03-11T17:56:23.035+01:00","eventName":"n8n.node.finished","message":"n8n.node.finished","payload":{"workflowId":"HAstItE8n78nWGef","workflowName":"My workflow","executionId":"4","nodeType":"n8n-nodes-base.emailSend","nodeName":"Send Email"}}
{"__type":"$$EventMessageConfirm","confirm":"84454cd2-ef00-44aa-9f3a-f0f4188cecbe","ts":"2025-03-11T17:56:23.036+01:00","source":{"id":"0","name":"eventBus"}}
{"__type":"$$EventMessageWorkflow","id":"61af8298-a1e4-4acc-ac06-1baded7c173a","ts":"2025-03-11T17:56:23.036+01:00","eventName":"n8n.workflow.success","message":"n8n.workflow.success","payload":{"executionId":"4","success":true,"isManual":false,"workflowId":"HAstItE8n78nWGef","workflowName":"My workflow"}}
{"__type":"$$EventMessageConfirm","confirm":"61af8298-a1e4-4acc-ac06-1baded7c173a","ts":"2025-03-11T17:56:23.036+01:00","source":{"id":"0","name":"eventBus"}}
{"__type":"$$EventMessageWorkflow","id":"f2db3d1a-f7a8-42e4-b5ad-91de45a3a0bb","ts":"2025-03-11T18:00:39.788+01:00","eventName":"n8n.workflow.started","message":"n8n.workflow.started","payload":{"executionId":"5","workflowId":"HAstItE8n78nWGef","isManual":false,"workflowName":"My workflow"}}
{"__type":"$$EventMessageConfirm","confirm":"f2db3d1a-f7a8-42e4-b5ad-91de45a3a0bb","ts":"2025-03-11T18:00:39.789+01:00","source":{"id":"0","name":"eventBus"}}
{"__type":"$$EventMessageNode","id":"71dc14e2-5c20-4317-b482-5d8e037beeca","ts":"2025-03-11T18:00:39.789+01:00","eventName":"n8n.node.started","message":"n8n.node.started","payload":{"workflowId":"HAstItE8n78nWGef","workflowName":"My workflow","executionId":"5","nodeType":"n8n-nodes-base.emailSend","nodeName":"Send Email1"}}
{"__type":"$$EventMessageConfirm","confirm":"71dc14e2-5c20-4317-b482-5d8e037beeca","ts":"2025-03-11T18:00:39.789+01:00","source":{"id":"0","name":"eventBus"}}
{"__type":"$$EventMessageNode","id":"4f4e66f9-c23b-45d7-9674-0a50a80a217f","ts":"2025-03-11T18:00:41.882+01:00","eventName":"n8n.node.finished","message":"n8n.node.finished","payload":{"workflowId":"HAstItE8n78nWGef","workflowName":"My workflow","executionId":"5","nodeType":"n8n-nodes-base.emailSend","nodeName":"Send Email1"}}
{"__type":"$$EventMessageConfirm","confirm":"4f4e66f9-c23b-45d7-9674-0a50a80a217f","ts":"2025-03-11T18:00:41.882+01:00","source":{"id":"0","name":"eventBus"}}
{"__type":"$$EventMessageWorkflow","id":"4b18e6b0-0950-4632-ac7d-2d92dd49d5f9","ts":"2025-03-11T18:00:41.884+01:00","eventName":"n8n.workflow.success","message":"n8n.workflow.success","payload":{"executionId":"5","userId":"2da29829-374e-431d-9a24-9d4a54293d56","success":true,"isManual":true,"workflowId":"HAstItE8n78nWGef","workflowName":"My workflow"}}
{"__type":"$$EventMessageConfirm","confirm":"4b18e6b0-0950-4632-ac7d-2d92dd49d5f9","ts":"2025-03-11T18:00:41.884+01:00","source":{"id":"0","name":"eventBus"}}
{"__type":"$$EventMessageAudit","id":"5ea5bc17-ef85-49bf-bb40-c7762b3f95a9","ts":"2025-03-11T18:01:04.801+01:00","eventName":"n8n.audit.workflow.updated","message":"n8n.audit.workflow.updated","payload":{"userId":"2da29829-374e-431d-9a24-9d4a54293d56","_email":"owner@test.com","_firstName":"owner","_lastName":"test","globalRole":"global:owner","workflowId":"HAstItE8n78nWGef","workflowName":"My workflow"}}
{"__type":"$$EventMessageConfirm","confirm":"5ea5bc17-ef85-49bf-bb40-c7762b3f95a9","ts":"2025-03-11T18:01:04.801+01:00","source":{"id":"0","name":"eventBus"}}
{"__type":"$$EventMessageWorkflow","id":"7b00c9b3-18bd-4af8-b7c8-9d4f1be4c2da","ts":"2025-03-11T18:01:32.803+01:00","eventName":"n8n.workflow.started","message":"n8n.workflow.started","payload":{"executionId":"6","workflowId":"HAstItE8n78nWGef","isManual":false,"workflowName":"My workflow"}}
{"__type":"$$EventMessageConfirm","confirm":"7b00c9b3-18bd-4af8-b7c8-9d4f1be4c2da","ts":"2025-03-11T18:01:32.803+01:00","source":{"id":"0","name":"eventBus"}}
{"__type":"$$EventMessageNode","id":"91a10f5e-80cb-4f81-a60b-1ac7dae50b6e","ts":"2025-03-11T18:01:32.804+01:00","eventName":"n8n.node.started","message":"n8n.node.started","payload":{"workflowId":"HAstItE8n78nWGef","workflowName":"My workflow","executionId":"6","nodeType":"n8n-nodes-base.webhook","nodeName":"Webhook"}}
{"__type":"$$EventMessageConfirm","confirm":"91a10f5e-80cb-4f81-a60b-1ac7dae50b6e","ts":"2025-03-11T18:01:32.804+01:00","source":{"id":"0","name":"eventBus"}}
{"__type":"$$EventMessageNode","id":"c0b3eec5-d335-48b1-8a45-055e1a726135","ts":"2025-03-11T18:01:32.806+01:00","eventName":"n8n.node.finished","message":"n8n.node.finished","payload":{"workflowId":"HAstItE8n78nWGef","workflowName":"My workflow","executionId":"6","nodeType":"n8n-nodes-base.webhook","nodeName":"Webhook"}}
{"__type":"$$EventMessageConfirm","confirm":"c0b3eec5-d335-48b1-8a45-055e1a726135","ts":"2025-03-11T18:01:32.806+01:00","source":{"id":"0","name":"eventBus"}}
{"__type":"$$EventMessageNode","id":"83a58abd-e66c-44c5-9a0b-af4bd3a5c6be","ts":"2025-03-11T18:01:32.806+01:00","eventName":"n8n.node.started","message":"n8n.node.started","payload":{"workflowId":"HAstItE8n78nWGef","workflowName":"My workflow","executionId":"6","nodeType":"n8n-nodes-base.emailSend","nodeName":"Send Email"}}
{"__type":"$$EventMessageConfirm","confirm":"83a58abd-e66c-44c5-9a0b-af4bd3a5c6be","ts":"2025-03-11T18:01:32.806+01:00","source":{"id":"0","name":"eventBus"}}
{"__type":"$$EventMessageNode","id":"334a9f1c-9952-4180-b32b-cf677e5b7aaf","ts":"2025-03-11T18:01:35.545+01:00","eventName":"n8n.node.finished","message":"n8n.node.finished","payload":{"workflowId":"HAstItE8n78nWGef","workflowName":"My workflow","executionId":"6","nodeType":"n8n-nodes-base.emailSend","nodeName":"Send Email"}}
{"__type":"$$EventMessageConfirm","confirm":"334a9f1c-9952-4180-b32b-cf677e5b7aaf","ts":"2025-03-11T18:01:35.545+01:00","source":{"id":"0","name":"eventBus"}}
{"__type":"$$EventMessageNode","id":"adf9b765-e53b-4ece-a99f-51e2d2464983","ts":"2025-03-11T18:01:38.729+01:00","eventName":"n8n.node.started","message":"n8n.node.started","payload":{"workflowId":"HAstItE8n78nWGef","workflowName":"My workflow","executionId":"6","nodeType":"n8n-nodes-base.emailSend","nodeName":"Send Email"}}
{"__type":"$$EventMessageConfirm","confirm":"adf9b765-e53b-4ece-a99f-51e2d2464983","ts":"2025-03-11T18:01:38.729+01:00","source":{"id":"0","name":"eventBus"}}
{"__type":"$$EventMessageNode","id":"eb4ef4d3-7a2d-4cb7-a7ae-7f59627d01d5","ts":"2025-03-11T18:01:38.730+01:00","eventName":"n8n.node.finished","message":"n8n.node.finished","payload":{"workflowId":"HAstItE8n78nWGef","workflowName":"My workflow","executionId":"6","nodeType":"n8n-nodes-base.emailSend","nodeName":"Send Email"}}
{"__type":"$$EventMessageConfirm","confirm":"eb4ef4d3-7a2d-4cb7-a7ae-7f59627d01d5","ts":"2025-03-11T18:01:38.730+01:00","source":{"id":"0","name":"eventBus"}}
{"__type":"$$EventMessageNode","id":"08da1bb4-9de8-4da7-a903-34fb76200670","ts":"2025-03-11T18:01:38.731+01:00","eventName":"n8n.node.started","message":"n8n.node.started","payload":{"workflowId":"HAstItE8n78nWGef","workflowName":"My workflow","executionId":"6","nodeType":"n8n-nodes-base.emailSend","nodeName":"Send Email1"}}
{"__type":"$$EventMessageConfirm","confirm":"08da1bb4-9de8-4da7-a903-34fb76200670","ts":"2025-03-11T18:01:38.731+01:00","source":{"id":"0","name":"eventBus"}}
{"__type":"$$EventMessageNode","id":"396b60d0-7228-47f3-8706-2ebdb879a134","ts":"2025-03-11T18:01:40.819+01:00","eventName":"n8n.node.finished","message":"n8n.node.finished","payload":{"workflowId":"HAstItE8n78nWGef","workflowName":"My workflow","executionId":"6","nodeType":"n8n-nodes-base.emailSend","nodeName":"Send Email1"}}
{"__type":"$$EventMessageConfirm","confirm":"396b60d0-7228-47f3-8706-2ebdb879a134","ts":"2025-03-11T18:01:40.819+01:00","source":{"id":"0","name":"eventBus"}}
{"__type":"$$EventMessageWorkflow","id":"a885dd2d-eba6-428c-85b7-240cebb53677","ts":"2025-03-11T18:01:40.820+01:00","eventName":"n8n.workflow.success","message":"n8n.workflow.success","payload":{"executionId":"6","success":true,"isManual":false,"workflowId":"HAstItE8n78nWGef","workflowName":"My workflow"}}
{"__type":"$$EventMessageConfirm","confirm":"a885dd2d-eba6-428c-85b7-240cebb53677","ts":"2025-03-11T18:01:40.820+01:00","source":{"id":"0","name":"eventBus"}}
